  test.c
E:\GitHub\C_code\C_1_2\C_1_2\test.c(14,4): error C2146: 语法错误: 缺少“;”(在标识符“n”的前面)
E:\GitHub\C_code\C_1_2\C_1_2\test.c(14,6): error C2065: “n”: 未声明的标识符
E:\GitHub\C_code\C_1_2\C_1_2\test.c(14,12): warning C4047: “=”:“int”与“void *”的间接级别不同
E:\GitHub\C_code\C_1_2\C_1_2\test.c(17,24): error C2065: “n”: 未声明的标识符
